NotePad/app/build/outputs/logs/manifest-merger-debug-report.txt
-- Merging decision tree log ---
manifest
ADDED from src\main\AndroidManifest.xml:22:1-139:12
INJECTED from src\main\AndroidManifest.xml:22:1-139:12
INJECTED from src\main\AndroidManifest.xml:22:1-139:12
INJECTED from src\main\AndroidManifest.xml:22:1-139:12
MERGED from [com.android.support:design:28.0.0] AndroidManifest.xml:17:1-24:12
MERGED from [com.android.support:appcompat-v7:28.0.0] AndroidManifest.xml:17:1-22:12
MERGED from [com.android.support.constraint:constraint-layout:1.1.3] AndroidManifest.xml:2:1-11:12
MERGED from [com.getbase:floatingactionbutton:1.9.0] AndroidManifest.xml:2:1-14:12
MERGED from [com.android.support:support-fragment:28.0.0] AndroidManifest.xml:17:1-22:12
MERGED from [com.android.support:animated-vector-drawable:28.0.0] AndroidManifest.xml:17:1-22:12
MERGED from [com.android.support:recyclerview-v7:28.0.0] AndroidManifest.xml:17:1-22:12
MERGED from [com.android.support:support-core-ui:28.0.0] AndroidManifest.xml:17:1-22:12
MERGED from [com.android.support:support-core-utils:28.0.0] AndroidManifest.xml:17:1-22:12
MERGED from [com.android.support:support-vector-drawable:28.0.0] AndroidManifest.xml:17:1-22:12
MERGED from [com.android.support:transition:28.0.0] AndroidManifest.xml:17:1-22:12
MERGED from [com.android.support:loader:28.0.0] AndroidManifest.xml:17:1-22:12
MERGED from [com.android.support:viewpager:28.0.0] AndroidManifest.xml:17:1-22:12
MERGED from [com.android.support:coordinatorlayout:28.0.0] AndroidManifest.xml:17:1-22:12
MERGED from [com.android.support:drawerlayout:28.0.0] AndroidManifest.xml:17:1-22:12
MERGED from [com.android.support:slidingpanelayout:28.0.0] AndroidManifest.xml:17:1-22:12
MERGED from [com.android.support:customview:28.0.0] AndroidManifest.xml:17:1-22:12
MERGED from [com.android.support:swiperefreshlayout:28.0.0] AndroidManifest.xml:17:1-22:12
MERGED from [com.android.support:asynclayoutinflater:28.0.0] AndroidManifest.xml:17:1-22:12
MERGED from [com.android.support:support-compat:28.0.0] AndroidManifest.xml:17:1-24:12
MERGED from [com.android.support:versionedparcelable:28.0.0] AndroidManifest.xml:17:1-25:12
MERGED from [com.android.support:cursoradapter:28.0.0] AndroidManifest.xml:17:1-22:12
MERGED from [com.android.support:cardview-v7:28.0.0] AndroidManifest.xml:17:1-22:12
MERGED from [android.arch.lifecycle:runtime:1.1.1] AndroidManifest.xml:17:1-22:12
MERGED from [com.android.support:documentfile:28.0.0] AndroidManifest.xml:17:1-22:12
MERGED from [com.android.support:localbroadcastmanager:28.0.0] AndroidManifest.xml:17:1-22:12
MERGED from [com.android.support:print:28.0.0] AndroidManifest.xml:17:1-22:12
MERGED from [android.arch.lifecycle:viewmodel:1.1.1] AndroidManifest.xml:17:1-22:12
MERGED from [com.android.support:interpolator:28.0.0] AndroidManifest.xml:17:1-22:12
MERGED from [android.arch.lifecycle:livedata:1.1.1] AndroidManifest.xml:17:1-22:12
MERGED from [android.arch.lifecycle:livedata-core:1.1.1] AndroidManifest.xml:17:1-22:12
MERGED from [android.arch.core:runtime:1.1.1] AndroidManifest.xml:17:1-22:12
INJECTED from src\main\AndroidManifest.xml:22:1-139:12
INJECTED from src\main\AndroidManifest.xml:22:1-139:12
INJECTED from src\main\AndroidManifest.xml:22:1-139:12
	package
		ADDED from src\main\AndroidManifest.xml:24:5-42
		INJECTED from src\main\AndroidManifest.xml
		INJECTED from src\main\AndroidManifest.xml
	android:versionName
		INJECTED from src\main\AndroidManifest.xml
		ADDED from src\main\AndroidManifest.xml:22:1-139:12
		INJECTED from src\main\AndroidManifest.xml
	xmlns:tools
		ADDED from src\main\AndroidManifest.xml:23:5-51
	android:versionCode
		INJECTED from src\main\AndroidManifest.xml
		ADDED from src\main\AndroidManifest.xml:22:1-139:12
		INJECTED from src\main\AndroidManifest.xml
	xmlns:android
		ADDED from src\main\AndroidManifest.xml:22:11-69
uses-feature#android.hardware.camera
ADDED from src\main\AndroidManifest.xml:26:5-28:35
	android:required
		ADDED from src\main\AndroidManifest.xml:28:9-32
	android:name
		ADDED from src\main\AndroidManifest.xml:27:9-47
uses-permission#android.permission.WRITE_EXTERNAL_STORAGE
ADDED from src\main\AndroidManifest.xml:30:5-81
	android:name
		ADDED from src\main\AndroidManifest.xml:30:22-78
uses-permission#android.permission.CAMERA
ADDED from src\main\AndroidManifest.xml:31:5-65
	android:name
		ADDED from src\main\AndroidManifest.xml:31:22-62
uses-permission#android.permission.MOUNT_UNMOUNT_FILESYSTEMS
ADDED from src\main\AndroidManifest.xml:32:5-34:47
	tools:ignore
		ADDED from src\main\AndroidManifest.xml:34:9-44
	android:name
		ADDED from src\main\AndroidManifest.xml:33:9-68
uses-permission#com.miui.whetstone.permission.ACCESS_PROVIDER
ADDED from src\main\AndroidManifest.xml:35:5-85
	android:name
		ADDED from src\main\AndroidManifest.xml:35:22-82
uses-permission#android.permission.READ_EXTERNAL_STORAGE
ADDED from src\main\AndroidManifest.xml:36:5-80
	android:name
		ADDED from src\main\AndroidManifest.xml:36:22-77
uses-feature#android.hardware.camera.autofocus
ADDED from src\main\AndroidManifest.xml:37:5-70
	android:name
		ADDED from src\main\AndroidManifest.xml:37:19-67
application
ADDED from src\main\AndroidManifest.xml:39:5-137:19
MERGED from [com.android.support:design:28.0.0] AndroidManifest.xml:22:5-20
MERGED from [com.android.support:design:28.0.0] AndroidManifest.xml:22:5-20
MERGED from [com.android.support.constraint:constraint-layout:1.1.3] AndroidManifest.xml:9:5-20
MERGED from [com.android.support.constraint:constraint-layout:1.1.3] AndroidManifest.xml:9:5-20
MERGED from [com.getbase:floatingactionbutton:1.9.0] AndroidManifest.xml:12:5-20
MERGED from [com.getbase:floatingactionbutton:1.9.0] AndroidManifest.xml:12:5-20
MERGED from [com.android.support:support-compat:28.0.0] AndroidManifest.xml:22:5-94
MERGED from [com.android.support:support-compat:28.0.0] AndroidManifest.xml:22:5-94
MERGED from [com.android.support:versionedparcelable:28.0.0] AndroidManifest.xml:22:5-23:19
MERGED from [com.android.support:versionedparcelable:28.0.0] AndroidManifest.xml:22:5-23:19
	android:appComponentFactory
		ADDED from [com.android.support:support-compat:28.0.0] AndroidManifest.xml:22:18-91
	android:supportsRtl
		ADDED from src\main\AndroidManifest.xml:44:9-35
	android:label
		ADDED from src\main\AndroidManifest.xml:42:9-41
	android:roundIcon
		ADDED from src\main\AndroidManifest.xml:43:9-54
	android:icon
		ADDED from src\main\AndroidManifest.xml:41:9-43
	android:allowBackup
		ADDED from src\main\AndroidManifest.xml:40:9-35
	android:theme
		ADDED from src\main\AndroidManifest.xml:45:9-40
provider#com.example.android.notepad.NotePadProvider
ADDED from src\main\AndroidManifest.xml:47:9-51:20
	android:authorities
		ADDED from src\main\AndroidManifest.xml:48:13-62
	android:exported
		ADDED from src\main\AndroidManifest.xml:49:13-37
	android:name
		ADDED from src\main\AndroidManifest.xml:47:19-49
grant-uri-permission
ADDED from src\main\AndroidManifest.xml:50:13-62
	android:pathPattern
		ADDED from src\main\AndroidManifest.xml:50:35-59
receiver#com.example.android.notepad.RemindActionBroadcast
ADDED from src\main\AndroidManifest.xml:52:9-84
	android:process
		ADDED from src\main\AndroidManifest.xml:52:57-82
	android:name
		ADDED from src\main\AndroidManifest.xml:52:19-56
activity#com.example.android.notepad.NotesList
ADDED from src\main\AndroidManifest.xml:53:9-71:20
	android:label
		ADDED from src\main\AndroidManifest.xml:53:44-84
	android:name
		ADDED from src\main\AndroidManifest.xml:53:19-43
intent-filter#action:name:android.intent.action.MAIN+category:name:android.intent.category.LAUNCHER
ADDED from src\main\AndroidManifest.xml:54:13-57:29
action#android.intent.action.MAIN
ADDED from src\main\AndroidManifest.xml:55:17-69
	android:name
		ADDED from src\main\AndroidManifest.xml:55:25-66
category#android.intent.category.LAUNCHER
ADDED from src\main\AndroidManifest.xml:56:17-77
	android:name
		ADDED from src\main\AndroidManifest.xml:56:27-74
intent-filter#action:name:android.intent.action.EDIT+action:name:android.intent.action.PICK+action:name:android.intent.action.VIEW+category:name:android.intent.category.DEFAULT+data:mimeType:vnd.android.cursor.dir/vnd.google.note
ADDED from src\main\AndroidManifest.xml:58:13-65:29
	android:label
		ADDED from src\main\AndroidManifest.xml:58:28-64
	tools:ignore
		ADDED from src\main\AndroidManifest.xml:59:17-47
action#android.intent.action.VIEW
ADDED from src\main\AndroidManifest.xml:60:17-69
	android:name
		ADDED from src\main\AndroidManifest.xml:60:25-66
action#android.intent.action.EDIT
ADDED from src\main\AndroidManifest.xml:61:17-69
	android:name
		ADDED from src\main\AndroidManifest.xml:61:25-66
action#android.intent.action.PICK
ADDED from src\main\AndroidManifest.xml:62:17-69
	android:name
		ADDED from src\main\AndroidManifest.xml:62:25-66
category#android.intent.category.DEFAULT
ADDED from src\main\AndroidManifest.xml:63:17-76
	android:name
		ADDED from src\main\AndroidManifest.xml:63:27-73
data
ADDED from src\main\AndroidManifest.xml:64:17-83
	android:mimeType
		ADDED from src\main\AndroidManifest.xml:64:23-80
intent-filter#action:name:android.intent.action.GET_CONTENT+category:name:android.intent.category.DEFAULT+data:mimeType:vnd.android.cursor.item/vnd.google.note
ADDED from src\main\AndroidManifest.xml:66:13-70:29
action#android.intent.action.GET_CONTENT
ADDED from src\main\AndroidManifest.xml:67:17-76
	android:name
		ADDED from src\main\AndroidManifest.xml:67:25-73
activity#com.example.android.notepad.NoteEditor
ADDED from src\main\AndroidManifest.xml:73:9-100:20
	android:screenOrientation
		ADDED from src\main\AndroidManifest.xml:75:13-47
	android:configChanges
		ADDED from src\main\AndroidManifest.xml:76:13-63
	android:theme
		ADDED from src\main\AndroidManifest.xml:74:13-51
	android:name
		ADDED from src\main\AndroidManifest.xml:73:19-44
intent-filter#action:name:android.intent.action.EDIT+action:name:android.intent.action.VIEW+action:name:com.android.notepad.action.EDIT_NOTE+category:name:android.intent.category.DEFAULT+data:mimeType:vnd.android.cursor.item/vnd.google.note
ADDED from src\main\AndroidManifest.xml:80:13-87:29
	android:label
		ADDED from src\main\AndroidManifest.xml:80:28-64
	tools:ignore
		ADDED from src\main\AndroidManifest.xml:81:17-47
action#com.android.notepad.action.EDIT_NOTE
ADDED from src\main\AndroidManifest.xml:84:17-79
	android:name
		ADDED from src\main\AndroidManifest.xml:84:25-76
intent-filter#action:name:android.intent.action.INSERT+action:name:android.intent.action.PASTE+category:name:android.intent.category.DEFAULT+data:mimeType:vnd.android.cursor.dir/vnd.google.note
ADDED from src\main\AndroidManifest.xml:93:13-98:29
action#android.intent.action.INSERT
ADDED from src\main\AndroidManifest.xml:94:17-71
	android:name
		ADDED from src\main\AndroidManifest.xml:94:25-68
action#android.intent.action.PASTE
ADDED from src\main\AndroidManifest.xml:95:17-70
	android:name
		ADDED from src\main\AndroidManifest.xml:95:25-67
activity#com.example.android.notepad.TitleEditor
ADDED from src\main\AndroidManifest.xml:102:9-127:20
	android:label
		ADDED from src\main\AndroidManifest.xml:103:13-53
	android:windowSoftInputMode
		ADDED from src\main\AndroidManifest.xml:106:13-55
	android:icon
		ADDED from src\main\AndroidManifest.xml:104:13-50
	android:theme
		ADDED from src\main\AndroidManifest.xml:105:13-58
	android:name
		ADDED from src\main\AndroidManifest.xml:102:19-45
intent-filter#action:name:com.android.notepad.action.EDIT_TITLE+category:name:android.intent.category.ALTERNATIVE+category:name:android.intent.category.DEFAULT+category:name:android.intent.category.SELECTED_ALTERNATIVE+data:mimeType:vnd.android.cursor.item/vnd.google.note
ADDED from src\main\AndroidManifest.xml:111:13-126:29
	android:label
		ADDED from src\main\AndroidManifest.xml:111:28-65
action#com.android.notepad.action.EDIT_TITLE
ADDED from src\main\AndroidManifest.xml:115:17-80
	android:name
		ADDED from src\main\AndroidManifest.xml:115:25-77
category#android.intent.category.ALTERNATIVE
ADDED from src\main\AndroidManifest.xml:120:17-80
	android:name
		ADDED from src\main\AndroidManifest.xml:120:27-77
category#android.intent.category.SELECTED_ALTERNATIVE
ADDED from src\main\AndroidManifest.xml:123:17-89
	android:name
		ADDED from src\main\AndroidManifest.xml:123:27-86
activity#com.example.android.notepad.NotesLiveFolder
ADDED from src\main\AndroidManifest.xml:129:9-135:20
	android:label
		ADDED from src\main\AndroidManifest.xml:129:50-90
	android:icon
		ADDED from src\main\AndroidManifest.xml:130:13-55
	android:name
		ADDED from src\main\AndroidManifest.xml:129:19-49
intent-filter#action:name:android.intent.action.CREATE_LIVE_FOLDER+category:name:android.intent.category.DEFAULT
ADDED from src\main\AndroidManifest.xml:131:13-134:29
action#android.intent.action.CREATE_LIVE_FOLDER
ADDED from src\main\AndroidManifest.xml:132:17-83
	android:name
		ADDED from src\main\AndroidManifest.xml:132:25-80
uses-sdk
INJECTED from src\main\AndroidManifest.xml reason: use-sdk injection requested
INJECTED from src\main\AndroidManifest.xml
INJECTED from src\main\AndroidManifest.xml
MERGED from [com.android.support:design:28.0.0] AndroidManifest.xml:20:5-44
MERGED from [com.android.support:design:28.0.0] AndroidManifest.xml:20:5-44
MERGED from [com.android.support:appcompat-v7:28.0.0] AndroidManifest.xml:20:5-44
MERGED from [com.android.support:appcompat-v7:28.0.0] AndroidManifest.xml:20:5-44
MERGED from [com.android.support.constraint:constraint-layout:1.1.3] AndroidManifest.xml:5:5-7:41
MERGED from [com.android.support.constraint:constraint-layout:1.1.3] AndroidManifest.xml:5:5-7:41
MERGED from [com.getbase:floatingactionbutton:1.9.0] AndroidManifest.xml:8:5-10:41
MERGED from [com.getbase:floatingactionbutton:1.9.0] AndroidManifest.xml:8:5-10:41
MERGED from [com.android.support:support-fragment:28.0.0] AndroidManifest.xml:20:5-44
MERGED from [com.android.support:support-fragment:28.0.0] AndroidManifest.xml:20:5-44
MERGED from [com.android.support:animated-vector-drawable:28.0.0] AndroidManifest.xml:20:5-44
MERGED from [com.android.support:animated-vector-drawable:28.0.0] AndroidManifest.xml:20:5-44
MERGED from [com.android.support:recyclerview-v7:28.0.0] AndroidManifest.xml:20:5-44
MERGED from [com.android.support:recyclerview-v7:28.0.0] AndroidManifest.xml:20:5-44
MERGED from [com.android.support:support-core-ui:28.0.0] AndroidManifest.xml:20:5-44
MERGED from [com.android.support:support-core-ui:28.0.0] AndroidManifest.xml:20:5-44
MERGED from [com.android.support:support-core-utils:28.0.0] AndroidManifest.xml:20:5-44
MERGED from [com.android.support:support-core-utils:28.0.0] AndroidManifest.xml:20:5-44
MERGED from [com.android.support:support-vector-drawable:28.0.0] AndroidManifest.xml:20:5-44
MERGED from [com.android.support:support-vector-drawable:28.0.0] AndroidManifest.xml:20:5-44
MERGED from [com.android.support:transition:28.0.0] AndroidManifest.xml:20:5-44
MERGED from [com.android.support:transition:28.0.0] AndroidManifest.xml:20:5-44
MERGED from [com.android.support:loader:28.0.0] AndroidManifest.xml:20:5-44
MERGED from [com.android.support:loader:28.0.0] AndroidManifest.xml:20:5-44
MERGED from [com.android.support:viewpager:28.0.0] AndroidManifest.xml:20:5-44
MERGED from [com.android.support:viewpager:28.0.0] AndroidManifest.xml:20:5-44
MERGED from [com.android.support:coordinatorlayout:28.0.0] AndroidManifest.xml:20:5-44
MERGED from [com.android.support:coordinatorlayout:28.0.0] AndroidManifest.xml:20:5-44
MERGED from [com.android.support:drawerlayout:28.0.0] AndroidManifest.xml:20:5-44
MERGED from [com.android.support:drawerlayout:28.0.0] AndroidManifest.xml:20:5-44
MERGED from [com.android.support:slidingpanelayout:28.0.0] AndroidManifest.xml:20:5-44
MERGED from [com.android.support:slidingpanelayout:28.0.0] AndroidManifest.xml:20:5-44
MERGED from [com.android.support:customview:28.0.0] AndroidManifest.xml:20:5-44
MERGED from [com.android.support:customview:28.0.0] AndroidManifest.xml:20:5-44
MERGED from [com.android.support:swiperefreshlayout:28.0.0] AndroidManifest.xml:20:5-44
MERGED from [com.android.support:swiperefreshlayout:28.0.0] AndroidManifest.xml:20:5-44
MERGED from [com.android.support:asynclayoutinflater:28.0.0] AndroidManifest.xml:20:5-44
MERGED from [com.android.support:asynclayoutinflater:28.0.0] AndroidManifest.xml:20:5-44
MERGED from [com.android.support:support-compat:28.0.0] AndroidManifest.xml:20:5-44
MERGED from [com.android.support:support-compat:28.0.0] AndroidManifest.xml:20:5-44
MERGED from [com.android.support:versionedparcelable:28.0.0] AndroidManifest.xml:20:5-44
MERGED from [com.android.support:versionedparcelable:28.0.0] AndroidManifest.xml:20:5-44
MERGED from [com.android.support:cursoradapter:28.0.0] AndroidManifest.xml:20:5-44
MERGED from [com.android.support:cursoradapter:28.0.0] AndroidManifest.xml:20:5-44
MERGED from [com.android.support:cardview-v7:28.0.0] AndroidManifest.xml:20:5-44
MERGED from [com.android.support:cardview-v7:28.0.0] AndroidManifest.xml:20:5-44
MERGED from [android.arch.lifecycle:runtime:1.1.1] AndroidManifest.xml:20:5-44
MERGED from [android.arch.lifecycle:runtime:1.1.1] AndroidManifest.xml:20:5-44
MERGED from [com.android.support:documentfile:28.0.0] AndroidManifest.xml:20:5-44
MERGED from [com.android.support:documentfile:28.0.0] AndroidManifest.xml:20:5-44
MERGED from [com.android.support:localbroadcastmanager:28.0.0] AndroidManifest.xml:20:5-44
MERGED from [com.android.support:localbroadcastmanager:28.0.0] AndroidManifest.xml:20:5-44
MERGED from [com.android.support:print:28.0.0] AndroidManifest.xml:20:5-44
MERGED from [com.android.support:print:28.0.0] AndroidManifest.xml:20:5-44
MERGED from [android.arch.lifecycle:viewmodel:1.1.1] AndroidManifest.xml:20:5-44
MERGED from [android.arch.lifecycle:viewmodel:1.1.1] AndroidManifest.xml:20:5-44
MERGED from [com.android.support:interpolator:28.0.0] AndroidManifest.xml:20:5-44
MERGED from [com.android.support:interpolator:28.0.0] AndroidManifest.xml:20:5-44
MERGED from [android.arch.lifecycle:livedata:1.1.1] AndroidManifest.xml:20:5-44
MERGED from [android.arch.lifecycle:livedata:1.1.1] AndroidManifest.xml:20:5-44
MERGED from [android.arch.lifecycle:livedata-core:1.1.1] AndroidManifest.xml:20:5-44
MERGED from [android.arch.lifecycle:livedata-core:1.1.1] AndroidManifest.xml:20:5-44
MERGED from [android.arch.core:runtime:1.1.1] AndroidManifest.xml:20:5-44
MERGED from [android.arch.core:runtime:1.1.1] AndroidManifest.xml:20:5-44
INJECTED from src\main\AndroidManifest.xml
INJECTED from src\main\AndroidManifest.xml
	android:targetSdkVersion
		INJECTED from src\main\AndroidManifest.xml
		ADDED from src\main\AndroidManifest.xml
		INJECTED from src\main\AndroidManifest.xml
	android:minSdkVersion
		INJECTED from src\main\AndroidManifest.xml
		ADDED from src\main\AndroidManifest.xml
		INJECTED from src\main\AndroidManifest.xml